d:\work\programming\scheme draw\scheme draw\scheme draw\debug\vc140.pdb
d:\work\programming\scheme draw\scheme draw\scheme draw\debug\.netframework,version=v4.5.2.assemblyattributes.obj
d:\work\programming\scheme draw\scheme draw\scheme draw\debug\.netframework,version=v4.5.2.assemblyattributes.asm
d:\work\programming\scheme draw\scheme draw\scheme draw\debug\textdialogform.obj
d:\work\programming\scheme draw\scheme draw\scheme draw\debug\mainform.obj
d:\work\programming\scheme draw\scheme draw\debug\scheme draw.exe
d:\work\programming\scheme draw\scheme draw\debug\scheme draw.pdb
d:\work\programming\scheme draw\scheme draw\scheme draw\debug\schemedraw.mainform.resources
d:\work\programming\scheme draw\scheme draw\scheme draw\debug\schemedraw.textdialogform.resources
d:\studfiles\course\scheme draw\scheme draw\debug\scheme draw.vcxproj.generateresource.cache
d:\studfiles\course\scheme draw\scheme draw\debug\scheme draw.vcxprojresolveassemblyreference.cache
d:\studfiles\course\scheme draw\scheme draw\debug\.netframework,version=v4.5.2.assemblyattributes.obj
d:\studfiles\course\scheme draw\scheme draw\debug\mainform.obj
d:\studfiles\course\scheme draw\scheme draw\debug\textdialogform.obj
d:\studfiles\course\scheme draw\scheme draw\debug\schemedraw.mainform.resources
d:\studfiles\course\scheme draw\scheme draw\debug\schemedraw.textdialogform.resources
d:\studfiles\course\scheme draw\scheme draw\debug\vc140.pdb
d:\studfiles\course\scheme draw\debug\scheme draw.pdb
d:\studfiles\course\scheme draw\debug\scheme draw.exe
d:\studfiles\course\scheme draw\scheme draw\debug\scheme draw.tlog\cl.command.1.tlog
d:\studfiles\course\scheme draw\scheme draw\debug\scheme draw.tlog\cl.read.1.tlog
d:\studfiles\course\scheme draw\scheme draw\debug\scheme draw.tlog\cl.write.1.tlog
d:\studfiles\course\scheme draw\scheme draw\debug\scheme draw.tlog\link.command.1.tlog
d:\studfiles\course\scheme draw\scheme draw\debug\scheme draw.tlog\link.read.1.tlog
d:\studfiles\course\scheme draw\scheme draw\debug\scheme draw.tlog\link.write.1.tlog
d:\studfiles\course\scheme draw\scheme draw\debug\scheme draw.tlog\metagen.read.1.tlog
d:\studfiles\course\scheme draw\scheme draw\debug\scheme draw.tlog\metagen.write.1.tlog
d:\studfiles\course\scheme draw\scheme draw\debug\scheme draw.tlog\scheme draw.write.1u.tlog
d:\studfiles\course\scheme draw\scheme draw\debug\scheme draw.tlog\rsaenh.dll.bi
d:\studfiles\course\scheme draw\scheme draw\debug\scheme draw.tlog\tzres.dll.bi
